<?xml version="1.0" encoding="UTF-8"?>
<!-- Generated by org.testng.reporters.JUnitXMLReporter -->
<testsuite ignored="0" hostname="Devendra" failures="1" tests="5" name="Test" time="27.617" errors="0" timestamp="2025-05-22T18:52:32 BST">
  <testcase classname="testCases.AccountRegistrationTest" name="testAccountRegistration" time="12.265">
    <failure type="java.lang.AssertionError" message="expected [false] but found [true]">
      <![CDATA[java.lang.AssertionError: expected [false] but found [true]
at testCases.AccountRegistrationTest.testAccountRegistration(AccountRegistrationTest.java:50)
at java.base/java.util.ArrayList.forEach(ArrayList.java:1597)
... Removed 32 stack frames]]>
    </failure>
  </testcase> <!-- testAccountRegistration -->
  <testcase classname="testCases.TC_002LoginTest" name="testLogin" time="2.016"/>
  <testcase classname="testCases.TC_004_SearchProduct" name="searchValidProduct" time="0.805"/>
  <testcase classname="testCases.TC_004_SearchProduct" name="searchInvalidProduct" time="0.57"/>
  <testcase classname="testCases.TC_004_SearchProduct" name="searchBlankProduct" time="0.542"/>
</testsuite> <!-- Test -->
