<?xml version="1.0" encoding="UTF-8"?>
<testng-results ignored="0" total="5" passed="4" failed="1" skipped="0">
  <reporter-output>
  </reporter-output>
  <suite started-at="2025-05-22T18:52:04 BST" name="Suite" finished-at="2025-05-22T18:52:31 BST" duration-ms="27617">
    <groups>
      <group name="Master">
        <method signature="TC_002LoginTest.testLogin()[pri:0, instance:testCases.TC_002LoginTest@4b6690c0]" name="testLogin" class="testCases.TC_002LoginTest"/>
      </group> <!-- Master -->
      <group name="Sanity">
        <method signature="AccountRegistrationTest.testAccountRegistration()[pri:0, instance:testCases.AccountRegistrationTest@55dfcc6]" name="testAccountRegistration" class="testCases.AccountRegistrationTest"/>
        <method signature="TC_002LoginTest.testLogin()[pri:0, instance:testCases.TC_002LoginTest@4b6690c0]" name="testLogin" class="testCases.TC_002LoginTest"/>
        <method signature="TC_004_SearchProduct.searchValidProduct()[pri:1, instance:testCases.TC_004_SearchProduct@46268f08]" name="searchValidProduct" class="testCases.TC_004_SearchProduct"/>
        <method signature="TC_004_SearchProduct.searchInvalidProduct()[pri:2, instance:testCases.TC_004_SearchProduct@46268f08]" name="searchInvalidProduct" class="testCases.TC_004_SearchProduct"/>
        <method signature="TC_004_SearchProduct.searchBlankProduct()[pri:3, instance:testCases.TC_004_SearchProduct@46268f08]" name="searchBlankProduct" class="testCases.TC_004_SearchProduct"/>
      </group> <!-- Sanity -->
    </groups>
    <test started-at="2025-05-22T18:52:04 BST" name="Test" finished-at="2025-05-22T18:52:31 BST" duration-ms="27617">
      <class name="testCases.AccountRegistrationTest">
        <test-method is-config="true" signature="setup(java.lang.String,java.lang.String)[pri:0, instance:testCases.AccountRegistrationTest@55dfcc6]" started-at="2025-05-22T18:52:04 BST" name="setup" finished-at="2025-05-22T18:52:08 BST" duration-ms="3895" status="PASS">
          <params>
            <param index="0">
              <value>
                <![CDATA[chrome]]>
              </value>
            </param>
            <param index="1">
              <value>
                <![CDATA[windows]]>
              </value>
            </param>
          </params>
          <reporter-output>
          </reporter-output>
        </test-method> <!-- setup -->
        <test-method signature="testAccountRegistration()[pri:0, instance:testCases.AccountRegistrationTest@55dfcc6]" started-at="2025-05-22T18:52:08 BST" name="testAccountRegistration" finished-at="2025-05-22T18:52:20 BST" duration-ms="12265" status="FAIL">
          <exception class="java.lang.AssertionError">
            <message>
              <![CDATA[expected [false] but found [true]]]>
            </message>
            <full-stacktrace>
              <![CDATA[java.lang.AssertionError: expected [false] but found [true]
at org.testng.Assert.fail(Assert.java:111)
at org.testng.Assert.failNotEquals(Assert.java:1590)
at org.testng.Assert.assertEqualsImpl(Assert.java:150)
at org.testng.Assert.assertEquals(Assert.java:132)
at org.testng.Assert.assertEquals(Assert.java:1079)
at org.testng.Assert.assertEquals(Assert.java:1043)
at org.testng.Assert.assertEquals(Assert.java:1089)
at testCases.AccountRegistrationTest.testAccountRegistration(AccountRegistrationTest.java:50)
at java.base/jdk.internal.reflect.DirectMethodHandleAccessor.invoke(DirectMethodHandleAccessor.java:103)
at java.base/java.lang.reflect.Method.invoke(Method.java:580)
at org.testng.internal.invokers.MethodInvocationHelper.invokeMethod(MethodInvocationHelper.java:141)
at org.testng.internal.invokers.TestInvoker.invokeMethod(TestInvoker.java:687)
at org.testng.internal.invokers.TestInvoker.invokeTestMethod(TestInvoker.java:230)
at org.testng.internal.invokers.MethodRunner.runInSequence(MethodRunner.java:63)
at org.testng.internal.invokers.TestInvoker$MethodInvocationAgent.invoke(TestInvoker.java:995)
at org.testng.internal.invokers.TestInvoker.invokeTestMethods(TestInvoker.java:203)
at org.testng.internal.invokers.TestMethodWorker.invokeTestMethods(TestMethodWorker.java:154)
at org.testng.internal.invokers.TestMethodWorker.run(TestMethodWorker.java:134)
at java.base/java.util.ArrayList.forEach(ArrayList.java:1597)
at org.testng.TestRunner.privateRun(TestRunner.java:741)
at org.testng.TestRunner.run(TestRunner.java:616)
at org.testng.SuiteRunner.runTest(SuiteRunner.java:421)
at org.testng.SuiteRunner.runSequentially(SuiteRunner.java:413)
at org.testng.SuiteRunner.privateRun(SuiteRunner.java:373)
at org.testng.SuiteRunner.run(SuiteRunner.java:312)
at org.testng.SuiteRunnerWorker.runSuite(SuiteRunnerWorker.java:52)
at org.testng.SuiteRunnerWorker.run(SuiteRunnerWorker.java:95)
at org.testng.TestNG.runSuitesSequentially(TestNG.java:1274)
at org.testng.TestNG.runSuitesLocally(TestNG.java:1208)
at org.testng.TestNG.runSuites(TestNG.java:1112)
at org.testng.TestNG.run(TestNG.java:1079)
at org.testng.remote.AbstractRemoteTestNG.run(AbstractRemoteTestNG.java:115)
at org.testng.remote.RemoteTestNG.initAndRun(RemoteTestNG.java:293)
at org.testng.remote.RemoteTestNG.main(RemoteTestNG.java:91)
]]>
            </full-stacktrace>
          </exception> <!-- java.lang.AssertionError -->
          <reporter-output>
          </reporter-output>
        </test-method> <!-- testAccountRegistration -->
        <test-method is-config="true" signature="teardown()[pri:0, instance:testCases.AccountRegistrationTest@55dfcc6]" started-at="2025-05-22T18:52:20 BST" name="teardown" finished-at="2025-05-22T18:52:21 BST" duration-ms="172" status="PASS">
          <reporter-output>
          </reporter-output>
        </test-method> <!-- teardown -->
      </class> <!-- testCases.AccountRegistrationTest -->
      <class name="testCases.TC_004_SearchProduct">
        <test-method is-config="true" signature="setup(java.lang.String,java.lang.String)[pri:0, instance:testCases.TC_004_SearchProduct@46268f08]" started-at="2025-05-22T18:52:26 BST" name="setup" finished-at="2025-05-22T18:52:29 BST" duration-ms="3311" status="PASS">
          <params>
            <param index="0">
              <value>
                <![CDATA[chrome]]>
              </value>
            </param>
            <param index="1">
              <value>
                <![CDATA[windows]]>
              </value>
            </param>
          </params>
          <reporter-output>
          </reporter-output>
        </test-method> <!-- setup -->
        <test-method signature="searchValidProduct()[pri:1, instance:testCases.TC_004_SearchProduct@46268f08]" started-at="2025-05-22T18:52:29 BST" name="searchValidProduct" finished-at="2025-05-22T18:52:30 BST" duration-ms="805" status="PASS">
          <reporter-output>
          </reporter-output>
        </test-method> <!-- searchValidProduct -->
        <test-method signature="searchInvalidProduct()[pri:2, instance:testCases.TC_004_SearchProduct@46268f08]" started-at="2025-05-22T18:52:30 BST" name="searchInvalidProduct" finished-at="2025-05-22T18:52:31 BST" duration-ms="570" status="PASS">
          <reporter-output>
          </reporter-output>
        </test-method> <!-- searchInvalidProduct -->
        <test-method signature="searchBlankProduct()[pri:3, instance:testCases.TC_004_SearchProduct@46268f08]" started-at="2025-05-22T18:52:31 BST" name="searchBlankProduct" finished-at="2025-05-22T18:52:31 BST" duration-ms="542" status="PASS">
          <reporter-output>
          </reporter-output>
        </test-method> <!-- searchBlankProduct -->
        <test-method is-config="true" signature="teardown()[pri:0, instance:testCases.TC_004_SearchProduct@46268f08]" started-at="2025-05-22T18:52:31 BST" name="teardown" finished-at="2025-05-22T18:52:31 BST" duration-ms="175" status="PASS">
          <reporter-output>
          </reporter-output>
        </test-method> <!-- teardown -->
      </class> <!-- testCases.TC_004_SearchProduct -->
      <class name="testCases.TC_002LoginTest">
        <test-method is-config="true" signature="setup(java.lang.String,java.lang.String)[pri:0, instance:testCases.TC_002LoginTest@4b6690c0]" started-at="2025-05-22T18:52:21 BST" name="setup" finished-at="2025-05-22T18:52:24 BST" duration-ms="3361" status="PASS">
          <params>
            <param index="0">
              <value>
                <![CDATA[chrome]]>
              </value>
            </param>
            <param index="1">
              <value>
                <![CDATA[windows]]>
              </value>
            </param>
          </params>
          <reporter-output>
          </reporter-output>
        </test-method> <!-- setup -->
        <test-method signature="testLogin()[pri:0, instance:testCases.TC_002LoginTest@4b6690c0]" started-at="2025-05-22T18:52:24 BST" name="testLogin" finished-at="2025-05-22T18:52:26 BST" duration-ms="2016" status="PASS">
          <reporter-output>
          </reporter-output>
        </test-method> <!-- testLogin -->
        <test-method is-config="true" signature="teardown()[pri:0, instance:testCases.TC_002LoginTest@4b6690c0]" started-at="2025-05-22T18:52:26 BST" name="teardown" finished-at="2025-05-22T18:52:26 BST" duration-ms="157" status="PASS">
          <reporter-output>
          </reporter-output>
        </test-method> <!-- teardown -->
      </class> <!-- testCases.TC_002LoginTest -->
    </test> <!-- Test -->
  </suite> <!-- Suite -->
</testng-results>
